This is pdfeTeX, Version 3.141592-1.30.5-2.2 (Web2C 7.5.5) (format=latex 2007.9.10)  17 SEP 2007 03:23
entering extended mode
**hw1.tex
(./hw1.tex
LaTeX2e <2003/12/01>
Babel <v3.8d> and hyphenation patterns for american, french, german, ngerman, b
ahasa, basque, bulgarian, catalan, croatian, czech, danish, dutch, esperanto, e
stonian, finnish, greek, icelandic, irish, italian, latin, magyar, norsk, polis
h, portuges, romanian, russian, serbian, slovak, slovene, spanish, swedish, tur
kish, ukrainian, nohyphenation, loaded.
(/usr/share/texmf/tex/latex/base/article.cls
Document Class: article 2004/02/16 v1.4f Standard LaTeX document class
(/usr/share/texmf/tex/latex/base/size10.clo
File: size10.clo 2004/02/16 v1.4f Standard LaTeX file (size option)
)
\c@part=\count79
\c@section=\count80
\c@subsection=\count81
\c@subsubsection=\count82
\c@paragraph=\count83
\c@subparagraph=\count84
\c@figure=\count85
\c@table=\count86
\abovecaptionskip=\skip41
\belowcaptionskip=\skip42
\bibindent=\dimen102
)
(/usr/share/texmf/tex/latex/preprint/fullpage.sty
Package: fullpage 1999/02/23 1.1 (PWD)
\FP@margin=\skip43
)
(/usr/share/texmf/tex/latex/listings/listings.sty
(/usr/share/texmf/tex/latex/graphics/keyval.sty
Package: keyval 1999/03/16 v1.13 key=value parser (DPC)
\KV@toks@=\toks14
)
\lst@mode=\count87
\lst@gtempboxa=\box26
\lst@token=\toks15
\lst@length=\count88
\lst@currlwidth=\dimen103
\lst@column=\count89
\lst@pos=\count90
\lst@lostspace=\dimen104
\lst@width=\dimen105
\lst@newlines=\count91
\lst@lineno=\count92
\c@lstlisting=\count93
\lst@maxwidth=\dimen106

(/usr/share/texmf/tex/latex/listings/lstpatch.sty
File: lstpatch.sty 2004/10/17 1.3b (Carsten Heinz)
)
(/usr/share/texmf/tex/latex/listings/lstmisc.sty
File: lstmisc.sty 2004/09/07 1.3 (Carsten Heinz)
\c@lstnumber=\count94
\lst@skipnumbers=\count95
\lst@framebox=\box27
)
(/usr/share/texmf/tex/latex/listings/listings.cfg
File: listings.cfg 2004/09/05 1.3 listings configuration
))
Package: listings 2004/10/17 1.3b (Carsten Heinz)

(/usr/share/texmf/tex/latex/listings/lstlang1.sty
File: lstlang1.sty 2004/09/05 1.3 listings language file
)
(/usr/share/texmf/tex/latex/listings/lstlang2.sty
File: lstlang2.sty 2004/09/05 1.3 listings language file
) (./hw1.aux)
\openout1 = `hw1.aux'.

LaTeX Font Info:    Checking defaults for OML/cmm/m/it on input line 12.
LaTeX Font Info:    ... okay on input line 12.
LaTeX Font Info:    Checking defaults for T1/cmr/m/n on input line 12.
LaTeX Font Info:    ... okay on input line 12.
LaTeX Font Info:    Checking defaults for OT1/cmr/m/n on input line 12.
LaTeX Font Info:    ... okay on input line 12.
LaTeX Font Info:    Checking defaults for OMS/cmsy/m/n on input line 12.
LaTeX Font Info:    ... okay on input line 12.
LaTeX Font Info:    Checking defaults for OMX/cmex/m/n on input line 12.
LaTeX Font Info:    ... okay on input line 12.
LaTeX Font Info:    Checking defaults for U/cmr/m/n on input line 12.
LaTeX Font Info:    ... okay on input line 12.
LaTeX Font Info:    External font `cmex10' loaded for size
(Font)              <12> on input line 13.
LaTeX Font Info:    External font `cmex10' loaded for size
(Font)              <8> on input line 13.
LaTeX Font Info:    External font `cmex10' loaded for size
(Font)              <6> on input line 13.
LaTeX Font Info:    Try loading font information for OMS+cmr on input line 17.

(/usr/share/texmf/tex/latex/base/omscmr.fd
File: omscmr.fd 1999/05/25 v2.5h Standard LaTeX font definitions
)
LaTeX Font Info:    Font shape `OMS/cmr/m/n' in size <10> not available
(Font)              Font shape `OMS/cmsy/m/n' tried instead on input line 17.
LaTeX Font Info:    Try loading font information for OML+cmr on input line 47.

(/usr/share/texmf/tex/latex/base/omlcmr.fd
File: omlcmr.fd 1999/05/25 v2.5h Standard LaTeX font definitions
)
LaTeX Font Info:    Font shape `OML/cmr/m/n' in size <7> not available
(Font)              Font shape `OML/cmm/m/it' tried instead on input line 47.
LaTeX Font Info:    Font shape `OMS/cmr/m/n' in size <7> not available
(Font)              Font shape `OMS/cmsy/m/n' tried instead on input line 51.
LaTeX Font Info:    External font `cmex10' loaded for size
(Font)              <7> on input line 51.
LaTeX Font Info:    External font `cmex10' loaded for size
(Font)              <5> on input line 51.
 [1

] [2] [3] (./hw1.aux) ) 
Here is how much of TeX's memory you used:
 1929 strings out of 94433
 26068 string characters out of 1175589
 126973 words of memory out of 1000000
 5175 multiletter control sequences out of 10000+50000
 8453 words of font info for 30 fonts, out of 500000 for 2000
 580 hyphenation exceptions out of 1000
 26i,6n,45p,768b,1586s stack positions out of 1500i,500n,5000p,200000b,5000s

Output written on hw1.dvi (3 pages, 17428 bytes).
